app/build/intermediates/manifest_merge_blame_file/adminRelease/manifest-merger-blame-admin-release-report.txt
1<?xml version="1.0" encoding="utf-8"?>
2<manifest xmlns:android="http://schemas.android.com/apk/res/android"
3    package="com.zopnote.android.dealer"
4    android:versionCode="35"
5    android:versionName="0.9.34" >
6
7    <uses-sdk
8        android:minSdkVersion="15"
8-->src\main\AndroidManifest.xml
9        android:targetSdkVersion="29" />
9-->src\main\AndroidManifest.xml
10
11    <uses-permission android:name="android.permission.CALL_PHONE" />
11-->src\main\AndroidManifest.xml:6:5-69
11-->src\main\AndroidManifest.xml:6:22-66
12    <uses-permission android:name="android.permission.INTERNET" />
12-->src\main\AndroidManifest.xml:7:5-67
12-->src\main\AndroidManifest.xml:7:22-64
13    <uses-permission android:name="android.permission.ACCESS_NETWORK_STATE" />
13-->src\main\AndroidManifest.xml:8:5-79
13-->src\main\AndroidManifest.xml:8:22-76
14    <uses-permission android:name="android.permission.RECEIVE_BOOT_COMPLETED" /> <!-- for GcmTaskService -->
14-->src\main\AndroidManifest.xml:9:5-81
14-->src\main\AndroidManifest.xml:9:22-78
15    <uses-permission android:name="android.permission.WAKE_LOCK" />
15-->src\main\AndroidManifest.xml:10:5-68
15-->src\main\AndroidManifest.xml:10:22-65
16    <uses-permission android:name="android.permission.WRITE_EXTERNAL_STORAGE" />
16-->src\main\AndroidManifest.xml:11:5-80
16-->src\main\AndroidManifest.xml:11:22-78
17    <uses-permission android:name="android.permission.CAMERA" />
17-->src\main\AndroidManifest.xml:12:5-64
17-->src\main\AndroidManifest.xml:12:22-62
18    <uses-permission android:name="android.permission.READ_CONTACTS" />
18-->src\main\AndroidManifest.xml:13:5-71
18-->src\main\AndroidManifest.xml:13:22-69
19
20    <!-- Required by older versions of Google Play services to create GCM registration tokens -->
21    <uses-permission android:name="com.google.android.c2dm.permission.RECEIVE" />
21-->[com.google.android.gms:play-services-gcm:11.8.0] AndroidManifest.xml:23:5-82
21-->[com.google.android.gms:play-services-gcm:11.8.0] AndroidManifest.xml:23:22-79
22
23    <permission
23-->[com.google.firebase:firebase-iid:11.8.0] AndroidManifest.xml:28:5-30:47
24        android:name="com.zopnote.android.dealer.permission.C2D_MESSAGE"
24-->[com.google.firebase:firebase-iid:11.8.0] AndroidManifest.xml:29:9-63
25        android:protectionLevel="signature" />
25-->[com.google.firebase:firebase-iid:11.8.0] AndroidManifest.xml:30:9-44
26
27    <uses-permission android:name="com.zopnote.android.dealer.permission.C2D_MESSAGE" />
27-->[com.google.firebase:firebase-iid:11.8.0] AndroidManifest.xml:32:5-79
27-->[com.google.firebase:firebase-iid:11.8.0] AndroidManifest.xml:32:22-76
28
29    <application
29-->src\main\AndroidManifest.xml:15:5-324:19
30        android:name="com.zopnote.android.merchant.MyApplication"
30-->src\main\AndroidManifest.xml:16:9-38
31        android:allowBackup="false"
31-->src\main\AndroidManifest.xml:17:9-36
32        android:appComponentFactory="android.support.v4.app.CoreComponentFactory"
32-->[com.android.support:support-compat:28.0.0] AndroidManifest.xml:22:18-91
33        android:fullBackupContent="false"
33-->src\main\AndroidManifest.xml:18:9-42
34        android:icon="@mipmap/ic_launcher"
34-->src\main\AndroidManifest.xml:19:9-43
35        android:label="@string/app_name"
35-->src\main\AndroidManifest.xml:20:9-41
36        android:requestLegacyExternalStorage="true"
36-->src\main\AndroidManifest.xml:23:9-52
37        android:supportsRtl="true"
37-->src\main\AndroidManifest.xml:21:9-35
38        android:theme="@style/AppTheme"
38-->src\main\AndroidManifest.xml:24:9-40
39        android:usesCleartextTraffic="true" >
39-->src\main\AndroidManifest.xml:22:9-44
40
41        <!-- Facebook Account Kit -->
42        <meta-data
42-->src\main\AndroidManifest.xml:27:9-28:48
43            android:name="com.facebook.accountkit.ApplicationName"
43-->src\main\AndroidManifest.xml:27:20-74
44            android:value="@string/app_name" />
44-->src\main\AndroidManifest.xml:28:13-45
45        <meta-data
45-->src\main\AndroidManifest.xml:29:9-30:55
46            android:name="com.facebook.sdk.ApplicationId"
46-->src\main\AndroidManifest.xml:29:20-65
47            android:value="@string/FACEBOOK_APP_ID" />
47-->src\main\AndroidManifest.xml:30:13-52
48        <meta-data
48-->src\main\AndroidManifest.xml:31:9-32:64
49            android:name="com.facebook.accountkit.ClientToken"
49-->src\main\AndroidManifest.xml:31:20-70
50            android:value="@string/ACCOUNT_KIT_CLIENT_TOKEN" />
50-->src\main\AndroidManifest.xml:32:13-61
51        <meta-data
51-->src\main\AndroidManifest.xml:33:9-35:70
52            android:name="com.google.firebase.messaging.default_notification_icon"
52-->src\main\AndroidManifest.xml:34:13-83
53            android:resource="@drawable/zopnote_notification_logo" />
53-->src\main\AndroidManifest.xml:35:13-67
54        <meta-data
54-->src\main\AndroidManifest.xml:36:9-38:53
55            android:name="com.google.firebase.messaging.default_notification_color"
55-->src\main\AndroidManifest.xml:37:13-84
56            android:resource="@color/colorAccent" />
56-->src\main\AndroidManifest.xml:38:13-50
57
58        <!-- Fabric -->
59        <meta-data
59-->src\main\AndroidManifest.xml:41:9-43:72
60            android:name="io.fabric.ApiKey"
60-->src\main\AndroidManifest.xml:42:13-44
61            android:value="408c56feeb9d90d483b49031434a184a450817f0" />
61-->src\main\AndroidManifest.xml:43:13-69
62
63        <service
63-->src\main\AndroidManifest.xml:45:9-52:19
64            android:name="com.zopnote.android.merchant.util.RemoteConfigRefreshService"
64-->src\main\AndroidManifest.xml:46:13-60
65            android:exported="true"
65-->src\main\AndroidManifest.xml:47:13-36
66            android:permission="com.google.android.gms.permission.BIND_NETWORK_TASK_SERVICE" >
66-->src\main\AndroidManifest.xml:48:13-93
67            <intent-filter>
67-->src\main\AndroidManifest.xml:49:13-51:29
68                <action android:name="com.google.android.gms.gcm.ACTION_TASK_READY" />
68-->src\main\AndroidManifest.xml:50:17-87
68-->src\main\AndroidManifest.xml:50:25-84
69            </intent-filter>
70        </service>
71        <service
71-->src\main\AndroidManifest.xml:53:9-59:19
72            android:name="com.zopnote.android.merchant.notifications.MyGcmListenerService"
72-->src\main\AndroidManifest.xml:54:13-63
73            android:exported="false" >
73-->src\main\AndroidManifest.xml:55:13-37
74            <intent-filter>
74-->src\main\AndroidManifest.xml:56:13-58:29
75                <action android:name="com.google.android.c2dm.intent.RECEIVE" />
75-->src\main\AndroidManifest.xml:57:17-81
75-->src\main\AndroidManifest.xml:57:25-78
76            </intent-filter>
77        </service>
78        <service
78-->src\main\AndroidManifest.xml:60:9-66:19
79            android:name="com.zopnote.android.merchant.notifications.GcmInstanceIDListenerService"
79-->src\main\AndroidManifest.xml:61:13-71
80            android:exported="false" >
80-->src\main\AndroidManifest.xml:62:13-37
81            <intent-filter>
81-->src\main\AndroidManifest.xml:63:13-65:29
82                <action android:name="com.google.android.gms.iid.InstanceID" />
82-->src\main\AndroidManifest.xml:64:17-80
82-->src\main\AndroidManifest.xml:64:25-77
83            </intent-filter>
84        </service>
85        <service
85-->src\main\AndroidManifest.xml:67:9-69:40
86            android:name="com.zopnote.android.merchant.notifications.GcmRegistrationIntentService"
86-->src\main\AndroidManifest.xml:68:13-71
87            android:exported="false" />
87-->src\main\AndroidManifest.xml:69:13-37
88
89        <receiver
89-->src\main\AndroidManifest.xml:71:9-81:20
90            android:name="com.google.android.gms.gcm.GcmReceiver"
90-->src\main\AndroidManifest.xml:72:13-66
91            android:exported="true"
91-->src\main\AndroidManifest.xml:73:13-36
92            android:permission="com.google.android.c2dm.permission.SEND" >
92-->src\main\AndroidManifest.xml:74:13-73
93            <intent-filter>
93-->src\main\AndroidManifest.xml:75:13-80:29
94                <action android:name="com.google.android.c2dm.intent.RECEIVE" />
94-->src\main\AndroidManifest.xml:57:17-81
94-->src\main\AndroidManifest.xml:57:25-78
95                <action android:name="com.google.android.c2dm.intent.REGISTRATION" />
95-->src\main\AndroidManifest.xml:77:17-86
95-->src\main\AndroidManifest.xml:77:25-83
96                <!-- For pre-4.4 Kitkat -->
97                <category android:name="in.ireff.android" />
97-->src\main\AndroidManifest.xml:79:17-61
97-->src\main\AndroidManifest.xml:79:27-58
98            </intent-filter>
99        </receiver>
100
101        <provider
101-->src\main\AndroidManifest.xml:83:9-94:20
102            android:name="android.support.v4.content.FileProvider"
102-->src\main\AndroidManifest.xml:84:13-67
103            android:authorities="com.distributor.myfileprovider"
103-->src\main\AndroidManifest.xml:85:13-65
104            android:exported="false"
104-->src\main\AndroidManifest.xml:86:13-37
105            android:grantUriPermissions="true" >
105-->src\main\AndroidManifest.xml:87:13-47
106            <meta-data
106-->src\main\AndroidManifest.xml:91:13-93:63
107                android:name="android.support.FILE_PROVIDER_PATHS"
107-->src\main\AndroidManifest.xml:92:17-67
108                android:resource="@xml/file_provider_paths" />
108-->src\main\AndroidManifest.xml:93:17-60
109        </provider>
110
111        <activity
111-->src\main\AndroidManifest.xml:96:9-99:45
112            android:name="com.facebook.accountkit.ui.AccountKitActivity"
112-->src\main\AndroidManifest.xml:97:13-73
113            android:label="@string/com_accountkit_button_log_in"
113-->[com.facebook.android:account-kit-sdk:5.4.0] AndroidManifest.xml:31:13-65
114            android:launchMode="singleTop"
114-->[com.facebook.android:account-kit-sdk:5.4.0] AndroidManifest.xml:32:13-43
115            android:theme="@style/AccountKitTheme"
115-->src\main\AndroidManifest.xml:98:13-51
116            android:windowSoftInputMode="adjustResize" />
116-->[com.facebook.android:account-kit-sdk:5.4.0] AndroidManifest.xml:34:13-55
117        <activity
117-->src\main\AndroidManifest.xml:101:9-102:59
118            android:name="com.zopnote.android.merchant.home.HomeActivity"
118-->src\main\AndroidManifest.xml:101:19-52
119            android:theme="@style/AppTheme.DrawerLayout" />
119-->src\main\AndroidManifest.xml:102:13-57
120        <activity
120-->src\main\AndroidManifest.xml:103:9-106:20
121            android:name="com.zopnote.android.merchant.customers.CustomersActivity"
121-->src\main\AndroidManifest.xml:104:13-56
122            android:label="@string/title_activity_customers" >
122-->src\main\AndroidManifest.xml:105:13-61
123        </activity>
124        <activity
124-->src\main\AndroidManifest.xml:107:9-109:67
125            android:name="com.zopnote.android.merchant.addcustomer.AddCustomerActivity"
125-->src\main\AndroidManifest.xml:108:13-60
126            android:label="@string/title_activity_add_customer" />
126-->src\main\AndroidManifest.xml:109:13-64
127        <activity
127-->src\main\AndroidManifest.xml:110:9-111:66
128            android:name="com.zopnote.android.merchant.dailyindent.DailyIndentActivity"
128-->src\main\AndroidManifest.xml:110:19-66
129            android:label="@string/title_activity_daily_indent" />
129-->src\main\AndroidManifest.xml:111:13-64
130        <activity
130-->src\main\AndroidManifest.xml:112:9-114:62
131            android:name="com.zopnote.android.merchant.invoice.InvoiceActivity"
131-->src\main\AndroidManifest.xml:113:13-52
132            android:label="@string/title_activity_invoice" />
132-->src\main\AndroidManifest.xml:114:13-59
133        <activity
133-->src\main\AndroidManifest.xml:115:9-116:67
134            android:name="com.zopnote.android.merchant.viewcustomer.ViewCustomerActivity"
134-->src\main\AndroidManifest.xml:115:19-68
135            android:label="@string/title_activity_view_customer" />
135-->src\main\AndroidManifest.xml:116:13-65
136        <activity
136-->src\main\AndroidManifest.xml:117:9-120:20
137            android:name="com.zopnote.android.merchant.addarea.AddAreaActivity"
137-->src\main\AndroidManifest.xml:118:13-52
138            android:label="@string/menu_add_area_title" >
138-->src\main\AndroidManifest.xml:119:13-56
139        </activity>
140        <activity
140-->src\main\AndroidManifest.xml:121:9-123:52
141            android:name="com.zopnote.android.merchant.products.ProductsActivity"
141-->src\main\AndroidManifest.xml:122:13-54
142            android:label="@string/nav_products" />
142-->src\main\AndroidManifest.xml:123:13-49
143        <activity
143-->src\main\AndroidManifest.xml:124:9-125:51
144            android:name="com.zopnote.android.merchant.intro.IntroActivity"
144-->src\main\AndroidManifest.xml:124:19-54
145            android:screenOrientation="portrait" />
145-->src\main\AndroidManifest.xml:125:13-49
146        <activity
146-->src\main\AndroidManifest.xml:126:9-133:20
147            android:name="com.zopnote.android.merchant.ui.SplashActivity"
147-->src\main\AndroidManifest.xml:126:19-52
148            android:theme="@style/AppTheme.SplashScreen" >
148-->src\main\AndroidManifest.xml:127:13-57
149            <intent-filter>
149-->src\main\AndroidManifest.xml:128:13-132:29
150                <action android:name="android.intent.action.MAIN" />
150-->src\main\AndroidManifest.xml:129:17-69
150-->src\main\AndroidManifest.xml:129:25-66
151
152                <category android:name="android.intent.category.LAUNCHER" />
152-->src\main\AndroidManifest.xml:131:17-77
152-->src\main\AndroidManifest.xml:131:27-74
153            </intent-filter>
154        </activity>
155        <activity
155-->src\main\AndroidManifest.xml:134:9-136:60
156            android:name="com.zopnote.android.merchant.ui.AboutActivity"
156-->src\main\AndroidManifest.xml:135:13-45
157            android:label="@string/title_activity_about" />
157-->src\main\AndroidManifest.xml:136:13-57
158        <activity
158-->src\main\AndroidManifest.xml:137:9-139:50
159            android:name="com.zopnote.android.merchant.ui.WebViewActivity"
159-->src\main\AndroidManifest.xml:138:13-47
160            android:label="@string/info_label" />
160-->src\main\AndroidManifest.xml:139:13-47
161        <activity
161-->src\main\AndroidManifest.xml:140:9-143:62
162            android:name="com.zopnote.android.merchant.notifications.NotificationContentHiddenActivity"
162-->src\main\AndroidManifest.xml:141:13-76
163            android:noHistory="true"
163-->src\main\AndroidManifest.xml:142:13-37
164            android:theme="@android:style/Theme.NoDisplay" />
164-->src\main\AndroidManifest.xml:143:13-59
165        <activity
165-->src\main\AndroidManifest.xml:144:9-148:62
166            android:name="com.zopnote.android.merchant.notifications.NotificationClearedActivity"
166-->src\main\AndroidManifest.xml:145:13-70
167            android:noHistory="true"
167-->src\main\AndroidManifest.xml:146:13-37
168            android:taskAffinity=""
168-->src\main\AndroidManifest.xml:147:13-36
169            android:theme="@android:style/Theme.NoDisplay" />
169-->src\main\AndroidManifest.xml:148:13-59
170        <activity
170-->src\main\AndroidManifest.xml:149:9-152:62
171            android:name="com.zopnote.android.merchant.notifications.AppUpdateHiddenActivity"
171-->src\main\AndroidManifest.xml:150:13-66
172            android:noHistory="true"
172-->src\main\AndroidManifest.xml:151:13-37
173            android:theme="@android:style/Theme.NoDisplay" />
173-->src\main\AndroidManifest.xml:152:13-59
174        <activity
174-->src\main\AndroidManifest.xml:153:9-165:20
175            android:name="com.zopnote.android.merchant.notifications.AppUpdateNotificationActivity"
175-->src\main\AndroidManifest.xml:154:13-72
176            android:excludeFromRecents="true"
176-->src\main\AndroidManifest.xml:155:13-46
177            android:label="@string/title_activity_app_update_notification"
177-->src\main\AndroidManifest.xml:156:13-75
178            android:launchMode="singleTask"
178-->src\main\AndroidManifest.xml:157:13-44
179            android:parentActivityName="com.zopnote.android.merchant.home.HomeActivity"
179-->src\main\AndroidManifest.xml:158:13-60
180            android:taskAffinity="" >
180-->src\main\AndroidManifest.xml:159:13-36
181
182            <!-- Parent activity meta-data to support 4.0 and lower -->
183            <meta-data
183-->src\main\AndroidManifest.xml:162:13-164:54
184                android:name="android.support.PARENT_ACTIVITY"
184-->src\main\AndroidManifest.xml:163:17-63
185                android:value=".home.HomeActivity" />
185-->src\main\AndroidManifest.xml:164:17-51
186        </activity>
187        <activity
187-->src\main\AndroidManifest.xml:166:9-178:20
188            android:name="com.zopnote.android.merchant.notifications.AnnouncementNotificationActivity"
188-->src\main\AndroidManifest.xml:167:13-75
189            android:excludeFromRecents="true"
189-->src\main\AndroidManifest.xml:168:13-46
190            android:label="@string/title_activity_announcement"
190-->src\main\AndroidManifest.xml:169:13-64
191            android:launchMode="singleTask"
191-->src\main\AndroidManifest.xml:170:13-44
192            android:parentActivityName="com.zopnote.android.merchant.home.HomeActivity"
192-->src\main\AndroidManifest.xml:171:13-60
193            android:taskAffinity="" >
193-->src\main\AndroidManifest.xml:172:13-36
194
195            <!-- Parent activity meta-data to support 4.0 and lower -->
196            <meta-data
196-->src\main\AndroidManifest.xml:162:13-164:54
197                android:name="android.support.PARENT_ACTIVITY"
197-->src\main\AndroidManifest.xml:163:17-63
198                android:value=".home.HomeActivity" />
198-->src\main\AndroidManifest.xml:164:17-51
199        </activity>
200        <activity android:name="com.zopnote.android.merchant.login.LoginActivity" />
200-->src\main\AndroidManifest.xml:179:9-57
200-->src\main\AndroidManifest.xml:179:19-54
201        <activity
201-->src\main\AndroidManifest.xml:180:9-189:20
202            android:name="com.zopnote.android.merchant.search.SearchActivity"
202-->src\main\AndroidManifest.xml:181:13-50
203            android:label="@string/title_activity_search"
203-->src\main\AndroidManifest.xml:182:13-58
204            android:launchMode="singleTop" >
204-->src\main\AndroidManifest.xml:183:13-43
205            <intent-filter>
205-->src\main\AndroidManifest.xml:184:13-186:29
206                <action android:name="android.intent.action.SEARCH" />
206-->src\main\AndroidManifest.xml:185:17-71
206-->src\main\AndroidManifest.xml:185:25-68
207            </intent-filter>
208
209            <meta-data
209-->src\main\AndroidManifest.xml:187:13-188:53
210                android:name="android.app.searchable"
210-->src\main\AndroidManifest.xml:187:24-61
211                android:resource="@xml/searchable" />
211-->src\main\AndroidManifest.xml:188:17-51
212        </activity>
213        <activity
213-->src\main\AndroidManifest.xml:190:9-193:20
214            android:name="com.zopnote.android.merchant.vendor.VendorsActivity"
214-->src\main\AndroidManifest.xml:191:13-51
215            android:label="Select Vendor" >
215-->src\main\AndroidManifest.xml:192:13-42
216        </activity>
217        <activity
217-->src\main\AndroidManifest.xml:194:9-197:20
218            android:name="com.zopnote.android.merchant.editcustomer.EditCustomerActivity"
218-->src\main\AndroidManifest.xml:195:13-62
219            android:label="Edit Customer" >
219-->src\main\AndroidManifest.xml:196:13-42
220        </activity>
221        <activity
221-->src\main\AndroidManifest.xml:198:9-201:20
222            android:name="com.zopnote.android.merchant.addsubscription.AddSubscriptionActivity"
222-->src\main\AndroidManifest.xml:199:13-68
223            android:label="Add Subscription" >
223-->src\main\AndroidManifest.xml:200:13-45
224        </activity>
225        <activity
225-->src\main\AndroidManifest.xml:202:9-205:20
226            android:name="com.zopnote.android.merchant.movecustomer.MoveCustomerActivity"
226-->src\main\AndroidManifest.xml:203:13-62
227            android:label="@string/title_activity_move_customer" >
227-->src\main\AndroidManifest.xml:204:13-65
228        </activity>
229        <activity
229-->src\main\AndroidManifest.xml:206:9-209:20
230            android:name="com.zopnote.android.merchant.reports.ReportsActivity"
230-->src\main\AndroidManifest.xml:207:13-52
231            android:label="@string/title_activity_report" >
231-->src\main\AndroidManifest.xml:208:13-58
232        </activity>
233        <activity
233-->src\main\AndroidManifest.xml:210:9-212:20
234            android:name="com.zopnote.android.merchant.reports.onboarding.OnboardActivity"
234-->src\main\AndroidManifest.xml:210:19-69
235            android:label="@string/title_activity_onboarding_report" >
235-->src\main\AndroidManifest.xml:211:13-69
236        </activity>
237        <activity
237-->src\main\AndroidManifest.xml:213:9-216:20
238            android:name="com.zopnote.android.merchant.reports.payments.PaymentsActivity"
238-->src\main\AndroidManifest.xml:214:13-62
239            android:label="@string/title_activity_payments" >
239-->src\main\AndroidManifest.xml:215:13-60
240        </activity>
241        <activity
241-->src\main\AndroidManifest.xml:217:9-220:20
242            android:name="com.zopnote.android.merchant.managesubscription.ManageSubscriptionsActivity"
242-->src\main\AndroidManifest.xml:218:13-75
243            android:label="@string/title_activity_manage_subscriptions" >
243-->src\main\AndroidManifest.xml:219:13-72
244        </activity>
245        <activity
245-->src\main\AndroidManifest.xml:221:9-224:20
246            android:name="com.zopnote.android.merchant.managesubscription.editsubscription.EditSubscriptionActivity"
246-->src\main\AndroidManifest.xml:222:13-89
247            android:label="@string/title_activity_edit_subscription" >
247-->src\main\AndroidManifest.xml:223:13-69
248        </activity>
249        <activity
249-->src\main\AndroidManifest.xml:225:9-228:20
250            android:name="com.zopnote.android.merchant.managesubscription.editpause.EditPauseActivity"
250-->src\main\AndroidManifest.xml:226:13-75
251            android:label="@string/title_activity_edit_pause" >
251-->src\main\AndroidManifest.xml:227:13-62
252        </activity>
253        <activity
253-->src\main\AndroidManifest.xml:229:9-231:20
254            android:name="com.zopnote.android.merchant.invoice.editinvoice.EditInvoiceActivity"
254-->src\main\AndroidManifest.xml:229:19-74
255            android:label="@string/title_activity_edit_invoice" >
255-->src\main\AndroidManifest.xml:230:13-64
256        </activity>
257        <activity
257-->src\main\AndroidManifest.xml:232:9-235:20
258            android:name="com.zopnote.android.merchant.reports.subscription.SubscriptionsReportActivity"
258-->src\main\AndroidManifest.xml:233:13-77
259            android:label="@string/title_activity_subscriptions" >
259-->src\main\AndroidManifest.xml:234:13-65
260        </activity>
261        <activity
261-->src\main\AndroidManifest.xml:236:9-239:20
262            android:name="com.zopnote.android.merchant.reports.draftinvoice.DraftInvoiceReportActivity"
262-->src\main\AndroidManifest.xml:237:13-76
263            android:label="@string/title_activity_invoice_preview_report" >
263-->src\main\AndroidManifest.xml:238:13-74
264        </activity>
265        <activity
265-->src\main\AndroidManifest.xml:240:9-242:20
266            android:name="com.zopnote.android.merchant.editdraftinvoice.EditDraftInvoiceActivity"
266-->src\main\AndroidManifest.xml:240:19-76
267            android:label="@string/title_activity_edit_draft_invoice" >
267-->src\main\AndroidManifest.xml:241:13-70
268        </activity>
269        <activity
269-->src\main\AndroidManifest.xml:243:9-246:20
270            android:name="com.zopnote.android.merchant.reports.settlement.SettlementReportActivity"
270-->src\main\AndroidManifest.xml:244:13-72
271            android:label="@string/title_activity_settlement_report" >
271-->src\main\AndroidManifest.xml:245:13-69
272        </activity>
273        <activity
273-->src\main\AndroidManifest.xml:247:9-250:20
274            android:name="com.zopnote.android.merchant.reports.ordersummary.OrderSummaryReportActivity"
274-->src\main\AndroidManifest.xml:248:13-76
275            android:label="@string/title_activity_order_summary_report" >
275-->src\main\AndroidManifest.xml:249:13-72
276        </activity>
277        <activity
277-->src\main\AndroidManifest.xml:251:9-254:20
278            android:name="com.zopnote.android.merchant.reports.ordersummarycustomerdetails.OrderSummaryCustomerDetailsReportActivity"
278-->src\main\AndroidManifest.xml:252:13-106
279            android:label="@string/title_activity_order_summary_customer_details_report" >
279-->src\main\AndroidManifest.xml:253:13-89
280        </activity>
281        <activity
281-->src\main\AndroidManifest.xml:255:9-258:20
282            android:name="com.zopnote.android.merchant.managesubscription.viewcustomization.ViewCustomizationActivity"
282-->src\main\AndroidManifest.xml:256:13-91
283            android:label="@string/title_activity_view_customization" >
283-->src\main\AndroidManifest.xml:257:13-70
284        </activity>
285        <activity
285-->src\main\AndroidManifest.xml:259:9-262:20
286            android:name="com.zopnote.android.merchant.managesubscription.addcustomization.AddCustomizationActivity"
286-->src\main\AndroidManifest.xml:260:13-89
287            android:label="@string/title_activity_add_customization" >
287-->src\main\AndroidManifest.xml:261:13-69
288        </activity>
289        <activity android:name="com.zopnote.android.merchant.products.editproduct.EditProductActivity" >
289-->src\main\AndroidManifest.xml:263:9-265:20
289-->src\main\AndroidManifest.xml:264:13-69
290        </activity>
291        <activity
291-->src\main\AndroidManifest.xml:266:9-269:20
292            android:name="com.zopnote.android.merchant.products.addproduct.AddProductActivity"
292-->src\main\AndroidManifest.xml:267:13-67
293            android:label="@string/title_activity_add_product" >
293-->src\main\AndroidManifest.xml:268:13-63
294        </activity>
295        <activity
295-->src\main\AndroidManifest.xml:270:9-273:20
296            android:name="com.zopnote.android.merchant.reports.collection.CollectionActivity"
296-->src\main\AndroidManifest.xml:271:13-66
297            android:label="@string/title_activity_collection" >
297-->src\main\AndroidManifest.xml:272:13-62
298        </activity>
299        <activity
299-->src\main\AndroidManifest.xml:274:9-277:20
300            android:name="com.zopnote.android.merchant.viewinvoicehistory.ViewInvoiceHistoryActivity"
300-->src\main\AndroidManifest.xml:275:13-74
301            android:label="@string/title_activity_view_invoice_history" >
301-->src\main\AndroidManifest.xml:276:13-72
302        </activity>
303        <activity
303-->src\main\AndroidManifest.xml:278:9-281:20
304            android:name="com.zopnote.android.merchant.updateinvoice.UpdateInvoiceActivity"
304-->src\main\AndroidManifest.xml:279:13-64
305            android:label="@string/title_activity_update_invoice" >
305-->src\main\AndroidManifest.xml:280:13-66
306        </activity>
307        <activity
307-->src\main\AndroidManifest.xml:282:9-285:20
308            android:name="com.zopnote.android.merchant.registermerchant.RegisterMerchantActivity"
308-->src\main\AndroidManifest.xml:283:13-70
309            android:label="@string/title_activity_register_merchant" >
309-->src\main\AndroidManifest.xml:284:13-69
310        </activity>
311        <activity
311-->src\main\AndroidManifest.xml:286:9-289:20
312            android:name="com.zopnote.android.merchant.addondemanditem.AddOnDemandActivity"
312-->src\main\AndroidManifest.xml:287:13-64
313            android:label="@string/title_activity_AddOnDemandItem" >
313-->src\main\AndroidManifest.xml:288:13-67
314        </activity>
315        <activity
315-->src\main\AndroidManifest.xml:290:9-294:20
316            android:name="com.zopnote.android.merchant.notifications.inbox.InboxActivity"
316-->src\main\AndroidManifest.xml:291:13-62
317            android:label="@string/title_activity_notification_inbox"
317-->src\main\AndroidManifest.xml:293:13-70
318            android:launchMode="singleTop" >
318-->src\main\AndroidManifest.xml:292:13-43
319        </activity>
320        <activity android:name="com.zopnote.android.merchant.agreement.AgreementActivity" >
320-->src\main\AndroidManifest.xml:295:9-297:20
320-->src\main\AndroidManifest.xml:296:13-56
321        </activity>
322        <activity
322-->src\main\AndroidManifest.xml:298:9-301:20
323            android:name="com.zopnote.android.merchant.notifications.notificationpanel.NotificationDashboardActivity"
323-->src\main\AndroidManifest.xml:299:13-90
324            android:label="@string/title_activity_notification_dashboard" >
324-->src\main\AndroidManifest.xml:300:13-74
325        </activity>
326        <activity android:name="com.zopnote.android.merchant.addroute.AddRouteActivity" >
326-->src\main\AndroidManifest.xml:302:9-304:20
326-->src\main\AndroidManifest.xml:303:13-54
327        </activity>
328        <activity android:name="com.zopnote.android.merchant.merchantsetup.MerchantProfileActivity" >
328-->src\main\AndroidManifest.xml:305:9-307:20
328-->src\main\AndroidManifest.xml:306:13-66
329        </activity>
330        <activity android:name="com.zopnote.android.merchant.merchantsetup.MerchantKYCActivity" >
330-->src\main\AndroidManifest.xml:308:9-310:20
330-->src\main\AndroidManifest.xml:309:13-62
331        </activity>
332        <activity android:name="com.zopnote.android.merchant.merchantsetup.MerchantBankInfoActivity" >